2025-04-15 03:25:08.163473 - Received CBT.V505.FILE547.PDS from FILE547.XMI 
2025-04-15 03:25:08.164876 - Found $$$#DATE.txt (text/plain) in CBT.V505.FILE547.PDS, moved to PDS/$$$#DATE
2025-04-15 03:25:08.165071 - Found $$$NOTE.txt (text/plain) in CBT.V505.FILE547.PDS, moved to PDS/$$$NOTE
2025-04-15 03:25:08.165423 - Found $$$NOTE1.txt (text/plain) in CBT.V505.FILE547.PDS, moved to PDS/$$$NOTE1
2025-04-15 03:25:08.165587 - Found $$$NOTE2.txt (text/plain) in CBT.V505.FILE547.PDS, moved to PDS/$$$NOTE2
2025-04-15 03:25:08.165745 - Found $$$NOTE3.txt (text/plain) in CBT.V505.FILE547.PDS, moved to PDS/$$$NOTE3
2025-04-15 03:25:08.166159 - Found $SYSGEN1.jcl (text/plain) in CBT.V505.FILE547.PDS, moved to PDS/$SYSGEN1
2025-04-15 03:25:08.166355 - Found @FILE547.txt (text/plain) in CBT.V505.FILE547.PDS, moved to PDS/@FILE547
2025-04-15 03:25:08.169718 - Found ASM.txt (text/plain) in CBT.V505.FILE547.PDS, moved to PDS/ASM
2025-04-15 03:25:08.170515 - Found CMDSBSYS.xmi (application/xmit) in CBT.V505.FILE547.PDS, moved to PDS/CMDSBSYS.xmi
2025-04-15 03:25:08.240755 - Received SBGOLOB.MVS38J.CMDSBSYS from CMDSBSYS.xmi 
2025-04-15 03:25:08.242397 - Found CMDDUMMY.bin (application/octet-stream) in SBGOLOB.MVS38J.CMDSBSYS, moved to CMDSBSYS/CMDDUMMY
2025-04-15 03:25:08.242768 - Found CMDPRINT.bin (application/octet-stream) in SBGOLOB.MVS38J.CMDSBSYS, moved to CMDSBSYS/CMDPRINT
2025-04-15 03:25:08.242944 - Found CMDSBCSC.bin (application/octet-stream) in SBGOLOB.MVS38J.CMDSBSYS, moved to CMDSBSYS/CMDSBCSC
2025-04-15 03:25:08.243243 - Found CMDSBINT.bin (application/octet-stream) in SBGOLOB.MVS38J.CMDSBSYS, moved to CMDSBSYS/CMDSBINT
2025-04-15 03:25:08.243538 - Found CMDSBMON.bin (application/octet-stream) in SBGOLOB.MVS38J.CMDSBSYS, moved to CMDSBSYS/CMDSBMON
2025-04-15 03:25:08.243705 - Found CMDSBSYS.bin (application/octet-stream) in SBGOLOB.MVS38J.CMDSBSYS, moved to CMDSBSYS/CMDSBSYS
2025-04-15 03:25:08.243957 - Found CMDSBTSO.bin (application/octet-stream) in SBGOLOB.MVS38J.CMDSBSYS, moved to CMDSBSYS/CMDSBTSO
2025-04-15 03:25:08.244126 - Found CMDTSO.bin (application/octet-stream) in SBGOLOB.MVS38J.CMDSBSYS, moved to CMDSBSYS/CMDTSO
2025-04-15 03:25:08.244311 - Found CSCGA03D.bin (application/octet-stream) in SBGOLOB.MVS38J.CMDSBSYS, moved to CMDSBSYS/CSCGA03D
2025-04-15 03:25:08.244484 - Found CSCGE03D.bin (application/octet-stream) in SBGOLOB.MVS38J.CMDSBSYS, moved to CMDSBSYS/CSCGE03D
2025-04-15 03:25:08.244632 - Found CSCGF03D.bin (application/octet-stream) in SBGOLOB.MVS38J.CMDSBSYS, moved to CMDSBSYS/CSCGF03D
2025-04-15 03:25:08.244831 - Found CSCGH03D.bin (application/octet-stream) in SBGOLOB.MVS38J.CMDSBSYS, moved to CMDSBSYS/CSCGH03D
2025-04-15 03:25:08.245001 - Found CSCGI03D.bin (application/octet-stream) in SBGOLOB.MVS38J.CMDSBSYS, moved to CMDSBSYS/CSCGI03D
2025-04-15 03:25:08.245161 - Found CSCGJ03D.bin (application/octet-stream) in SBGOLOB.MVS38J.CMDSBSYS, moved to CMDSBSYS/CSCGJ03D
2025-04-15 03:25:08.245321 - Found CSCGO03D.bin (application/octet-stream) in SBGOLOB.MVS38J.CMDSBSYS, moved to CMDSBSYS/CSCGO03D
2025-04-15 03:25:08.245482 - Found CSCGQ03D.bin (application/octet-stream) in SBGOLOB.MVS38J.CMDSBSYS, moved to CMDSBSYS/CSCGQ03D
2025-04-15 03:25:08.245638 - Found CSCGS03D.bin (application/octet-stream) in SBGOLOB.MVS38J.CMDSBSYS, moved to CMDSBSYS/CSCGS03D
2025-04-15 03:25:08.245791 - Found CSCGU03D.bin (application/octet-stream) in SBGOLOB.MVS38J.CMDSBSYS, moved to CMDSBSYS/CSCGU03D
2025-04-15 03:25:08.246080 - Found CSCSA03D.bin (application/octet-stream) in SBGOLOB.MVS38J.CMDSBSYS, moved to CMDSBSYS/CSCSA03D
2025-04-15 03:25:08.246258 - Found CSCSB03D.bin (application/octet-stream) in SBGOLOB.MVS38J.CMDSBSYS, moved to CMDSBSYS/CSCSB03D
2025-04-15 03:25:08.246463 - Found CSCSC03D.bin (application/octet-stream) in SBGOLOB.MVS38J.CMDSBSYS, moved to CMDSBSYS/CSCSC03D
2025-04-15 03:25:08.246752 - Found CSCSD03D.bin (application/octet-stream) in SBGOLOB.MVS38J.CMDSBSYS, moved to CMDSBSYS/CSCSD03D
2025-04-15 03:25:08.247037 - Found CSCSE03D.bin (application/octet-stream) in SBGOLOB.MVS38J.CMDSBSYS, moved to CMDSBSYS/CSCSE03D
2025-04-15 03:25:08.247334 - Found CSCSF03D.bin (application/octet-stream) in SBGOLOB.MVS38J.CMDSBSYS, moved to CMDSBSYS/CSCSF03D
2025-04-15 03:25:08.247620 - Found CSCSG03D.bin (application/octet-stream) in SBGOLOB.MVS38J.CMDSBSYS, moved to CMDSBSYS/CSCSG03D
2025-04-15 03:25:08.247915 - Found CSCSH03D.bin (application/octet-stream) in SBGOLOB.MVS38J.CMDSBSYS, moved to CMDSBSYS/CSCSH03D
2025-04-15 03:25:08.248211 - Found CSCSI03D.bin (application/octet-stream) in SBGOLOB.MVS38J.CMDSBSYS, moved to CMDSBSYS/CSCSI03D
2025-04-15 03:25:08.248501 - Found CSCSJ03D.bin (application/octet-stream) in SBGOLOB.MVS38J.CMDSBSYS, moved to CMDSBSYS/CSCSJ03D
2025-04-15 03:25:08.248785 - Found CSCSK03D.bin (application/octet-stream) in SBGOLOB.MVS38J.CMDSBSYS, moved to CMDSBSYS/CSCSK03D
2025-04-15 03:25:08.249071 - Found CSCSL03D.bin (application/octet-stream) in SBGOLOB.MVS38J.CMDSBSYS, moved to CMDSBSYS/CSCSL03D
2025-04-15 03:25:08.249621 - Found CSCSM03D.bin (application/octet-stream) in SBGOLOB.MVS38J.CMDSBSYS, moved to CMDSBSYS/CSCSM03D
2025-04-15 03:25:08.249905 - Found CSCSN03D.bin (application/octet-stream) in SBGOLOB.MVS38J.CMDSBSYS, moved to CMDSBSYS/CSCSN03D
2025-04-15 03:25:08.250212 - Found CSCSO03D.bin (application/octet-stream) in SBGOLOB.MVS38J.CMDSBSYS, moved to CMDSBSYS/CSCSO03D
2025-04-15 03:25:08.250558 - Found CSCSP03D.bin (application/octet-stream) in SBGOLOB.MVS38J.CMDSBSYS, moved to CMDSBSYS/CSCSP03D
2025-04-15 03:25:08.250865 - Found CSCSQ03D.bin (application/octet-stream) in SBGOLOB.MVS38J.CMDSBSYS, moved to CMDSBSYS/CSCSQ03D
2025-04-15 03:25:08.251157 - Found CSCSR03D.bin (application/octet-stream) in SBGOLOB.MVS38J.CMDSBSYS, moved to CMDSBSYS/CSCSR03D
2025-04-15 03:25:08.251456 - Found CSCSS03D.bin (application/octet-stream) in SBGOLOB.MVS38J.CMDSBSYS, moved to CMDSBSYS/CSCSS03D
2025-04-15 03:25:08.251745 - Found CSCSZ03D.bin (application/octet-stream) in SBGOLOB.MVS38J.CMDSBSYS, moved to CMDSBSYS/CSCSZ03D
2025-04-15 03:25:08.252044 - Found CSCZA03D.bin (application/octet-stream) in SBGOLOB.MVS38J.CMDSBSYS, moved to CMDSBSYS/CSCZA03D
2025-04-15 03:25:08.252209 - Found CSCZB03D.bin (application/octet-stream) in SBGOLOB.MVS38J.CMDSBSYS, moved to CMDSBSYS/CSCZB03D
2025-04-15 03:25:08.252376 - Found CSCZC03D.bin (application/octet-stream) in SBGOLOB.MVS38J.CMDSBSYS, moved to CMDSBSYS/CSCZC03D
2025-04-15 03:25:08.252683 - Found CSCZJ03D.bin (application/octet-stream) in SBGOLOB.MVS38J.CMDSBSYS, moved to CMDSBSYS/CSCZJ03D
2025-04-15 03:25:08.253035 - Found CSCZP03D.bin (application/octet-stream) in SBGOLOB.MVS38J.CMDSBSYS, moved to CMDSBSYS/CSCZP03D
2025-04-15 03:25:08.253368 - Found CSCZS03D.bin (application/octet-stream) in SBGOLOB.MVS38J.CMDSBSYS, moved to CMDSBSYS/CSCZS03D
2025-04-15 03:25:08.255187 - Found CNTL.txt (text/plain) in CBT.V505.FILE547.PDS, moved to PDS/CNTL
2025-04-15 03:25:08.256930 - Found LOAD.xmi (application/xmit) in CBT.V505.FILE547.PDS, moved to PDS/LOAD.xmi
2025-04-15 03:25:08.367231 - Received SBGOLOB.VOLKER1.LOAD from LOAD.xmi 
2025-04-15 03:25:08.368918 - Found BRODSCAN.bin (application/octet-stream) in SBGOLOB.VOLKER1.LOAD, moved to LOAD/BRODSCAN
2025-04-15 03:25:08.369127 - Found BSPAPFCK.bin (application/octet-stream) in SBGOLOB.VOLKER1.LOAD, moved to LOAD/BSPAPFCK
2025-04-15 03:25:08.369286 - Found BSPAPFLS.bin (application/octet-stream) in SBGOLOB.VOLKER1.LOAD, moved to LOAD/BSPAPFLS
2025-04-15 03:25:08.370874 - Found BSPFCOOK.bin (application/octet-stream) in SBGOLOB.VOLKER1.LOAD, moved to LOAD/BSPFCOOK
2025-04-15 03:25:08.371061 - Found BSPOSCMD.bin (application/octet-stream) in SBGOLOB.VOLKER1.LOAD, moved to LOAD/BSPOSCMD
2025-04-15 03:25:08.371359 - Found BSPPA2SI.bin (application/octet-stream) in SBGOLOB.VOLKER1.LOAD, moved to LOAD/BSPPA2SI
2025-04-15 03:25:08.371652 - Found BSPPILOT.bin (application/octet-stream) in SBGOLOB.VOLKER1.LOAD, moved to LOAD/BSPPILOT
2025-04-15 03:25:08.371952 - Found BSPRUNSC.bin (application/octet-stream) in SBGOLOB.VOLKER1.LOAD, moved to LOAD/BSPRUNSC
2025-04-15 03:25:08.372265 - Found BSPSETPF.bin (application/octet-stream) in SBGOLOB.VOLKER1.LOAD, moved to LOAD/BSPSETPF
2025-04-15 03:25:08.372569 - Found BSPVTMWT.bin (application/octet-stream) in SBGOLOB.VOLKER1.LOAD, moved to LOAD/BSPVTMWT
2025-04-15 03:25:08.372865 - Found CBT973.bin (application/octet-stream) in SBGOLOB.VOLKER1.LOAD, moved to LOAD/CBT973
2025-04-15 03:25:08.372971 - Found alias COOKIE to BSPFCOOK in SBGOLOB.VOLKER1.LOAD, moved to PDS/COOKIE
2025-04-15 03:25:08.373287 - Found DELAY.bin (application/octet-stream) in SBGOLOB.VOLKER1.LOAD, moved to LOAD/DELAY
2025-04-15 03:25:08.373643 - Found DISKMAP.bin (application/octet-stream) in SBGOLOB.VOLKER1.LOAD, moved to LOAD/DISKMAP
2025-04-15 03:25:08.373946 - Found DISKMAPA.bin (application/octet-stream) in SBGOLOB.VOLKER1.LOAD, moved to LOAD/DISKMAPA
2025-04-15 03:25:08.374031 - Found alias FCOOKIE to BSPFCOOK in SBGOLOB.VOLKER1.LOAD, moved to PDS/FCOOKIE
2025-04-15 03:25:08.374089 - Found alias FORTUNE to BSPFCOOK in SBGOLOB.VOLKER1.LOAD, moved to PDS/FORTUNE
2025-04-15 03:25:08.374299 - Found MOVELOAD.bin (application/octet-stream) in SBGOLOB.VOLKER1.LOAD, moved to LOAD/MOVELOAD
2025-04-15 03:25:08.374386 - Found alias MOVELOD to MOVELOAD in SBGOLOB.VOLKER1.LOAD, moved to PDS/MOVELOD
2025-04-15 03:25:08.374448 - Found alias MURPHY to BSPFCOOK in SBGOLOB.VOLKER1.LOAD, moved to PDS/MURPHY
2025-04-15 03:25:08.374621 - Found REQUEUE.bin (application/octet-stream) in SBGOLOB.VOLKER1.LOAD, moved to LOAD/REQUEUE
2025-04-15 03:25:08.374924 - Found SMPTFSEL.bin (application/octet-stream) in SBGOLOB.VOLKER1.LOAD, moved to LOAD/SMPTFSEL
2025-04-15 03:25:08.375099 - Found TAPEHDR.bin (application/octet-stream) in SBGOLOB.VOLKER1.LOAD, moved to LOAD/TAPEHDR
2025-04-15 03:25:08.376175 - Found MACLIB.txt (text/plain) in CBT.V505.FILE547.PDS, moved to PDS/MACLIB
